<?xml version="1.0" encoding="UTF-8"?>
<!-- Generated by org.testng.reporters.JUnitXMLReporter -->
<testsuite hostname="LAPTOP-ET1O3J5B" ignored="0" name="test1" tests="6" failures="0" timestamp="2023-01-05T12:59:36 IST" time="0.034" errors="0">
  <testcase name="tc001" time="0.0" classname="p1.classA"/>
  <testcase name="tc002" time="0.0" classname="p1.classA"/>
  <testcase name="tc003" time="0.0" classname="p1.classA"/>
  <testcase name="tc004" time="0.0" classname="p2.classB"/>
  <testcase name="tc005" time="0.0" classname="p2.classB"/>
  <testcase name="tc006" time="0.0" classname="p2.classB"/>
</testsuite> <!-- test1 -->
