<?xml version="1.0" encoding="UTF-8"?>
<testsuite xmlns:xsi="http://www.w3.org/2001/XMLSchema-instance" xsi:noNamespaceSchemaLocation="https://maven.apache.org/surefire/maven-surefire-plugin/xsd/surefire-test-report-3.0.xsd" version="3.0" name="TestSuite" time="0.575" tests="6" errors="0" skipped="0" failures="0">
  <properties>
[...]
</properties>
  <testcase name="tc001" classname="p1.classA" time="0.016"/>
  <testcase name="tc002" classname="p1.classA" time="0.003"/>
  <testcase name="tc003" classname="p1.classA" time="0"/>
  <testcase name="tc004" classname="p2.classB" time="0"/>
  <testcase name="tc005" classname="p2.classB" time="0"/>
  <testcase name="tc006" classname="p2.classB" time="0"/>
</testsuite>