<?xml version="1.0" encoding="UTF-8"?>
<testng-results skipped="0" failed="0" ignored="0" total="6" passed="6">
  <reporter-output>
    <line>
      <![CDATA[tc001 executed successfull]]>
    </line>
    <line>
      <![CDATA[tc002 executed successfull]]>
    </line>
    <line>
      <![CDATA[tc003 executed successfull]]>
    </line>
    <line>
      <![CDATA[tc004 executed successfull]]>
    </line>
    <line>
      <![CDATA[tc005 executed successfull]]>
    </line>
    <line>
      <![CDATA[tc006 executed successfull]]>
    </line>
  </reporter-output>
  <suite name="default suite" duration-ms="34" started-at="2023-01-05T12:59:36 IST" finished-at="2023-01-05T12:59:36 IST">
    <groups>
    </groups>
    <test name="test1" duration-ms="34" started-at="2023-01-05T12:59:36 IST" finished-at="2023-01-05T12:59:36 IST">
      <class name="p1.classA">
        <test-method status="PASS" signature="tc001()[pri:0, instance:p1.classA@e45f292]" name="tc001" duration-ms="0" started-at="2023-01-05T12:59:36 IST" finished-at="2023-01-05T12:59:36 IST">
          <reporter-output>
            <line>
              <![CDATA[tc001 executed successfull]]>
            </line>
          </reporter-output>
        </test-method> <!-- tc001 -->
        <test-method status="PASS" signature="tc002()[pri:0, instance:p1.classA@e45f292]" name="tc002" duration-ms="0" started-at="2023-01-05T12:59:36 IST" finished-at="2023-01-05T12:59:36 IST">
          <reporter-output>
            <line>
              <![CDATA[tc002 executed successfull]]>
            </line>
          </reporter-output>
        </test-method> <!-- tc002 -->
        <test-method status="PASS" signature="tc003()[pri:0, instance:p1.classA@e45f292]" name="tc003" duration-ms="0" started-at="2023-01-05T12:59:36 IST" finished-at="2023-01-05T12:59:36 IST">
          <reporter-output>
            <line>
              <![CDATA[tc003 executed successfull]]>
            </line>
          </reporter-output>
        </test-method> <!-- tc003 -->
      </class> <!-- p1.classA -->
      <class name="p2.classB">
        <test-method status="PASS" signature="tc006()[pri:0, instance:p2.classB@5f2108b5]" name="tc006" duration-ms="0" started-at="2023-01-05T12:59:36 IST" finished-at="2023-01-05T12:59:36 IST">
          <reporter-output>
            <line>
              <![CDATA[tc006 executed successfull]]>
            </line>
          </reporter-output>
        </test-method> <!-- tc006 -->
        <test-method status="PASS" signature="tc005()[pri:0, instance:p2.classB@5f2108b5]" name="tc005" duration-ms="0" started-at="2023-01-05T12:59:36 IST" finished-at="2023-01-05T12:59:36 IST">
          <reporter-output>
            <line>
              <![CDATA[tc005 executed successfull]]>
            </line>
          </reporter-output>
        </test-method> <!-- tc005 -->
        <test-method status="PASS" signature="tc004()[pri:0, instance:p2.classB@5f2108b5]" name="tc004" duration-ms="0" started-at="2023-01-05T12:59:36 IST" finished-at="2023-01-05T12:59:36 IST">
          <reporter-output>
            <line>
              <![CDATA[tc004 executed successfull]]>
            </line>
          </reporter-output>
        </test-method> <!-- tc004 -->
      </class> <!-- p2.classB -->
    </test> <!-- test1 -->
  </suite> <!-- default suite -->
</testng-results>
